Using pre-set license
Built from '2022.3/staging' branch; Version is '2022.3.49f1 (4dae1bb8668d) revision 5090843'; Using compiler version '192829333'; Build Type 'Release'
OS: 'Windows 11  (10.0.22631) 64bit CoreSingleLanguage' Language: 'en' Physical Memory: 23916 MB
BatchMode: 1, IsHumanControllingUs: 0, StartBugReporterOnCrash: 0, Is64bit: 1, IsPro: 1

COMMAND LINE ARGUMENTS:
C:\Program Files\Unity\Hub\Editor\2022.3.49f1\Editor\Unity.exe
-adb2
-batchMode
-noUpm
-name
AssetImportWorker1
-projectPath
C:/Users/namba/Documents/Bubble_Jam/Real Jam
-logFile
Logs/AssetImportWorker1.log
-srvPort
61262
Successfully changed project path to: C:/Users/namba/Documents/Bubble_Jam/Real Jam
C:/Users/namba/Documents/Bubble_Jam/Real Jam
[UnityMemory] Configuration Parameters - Can be set up in boot.config
    "memorysetup-bucket-allocator-granularity=16"
    "memorysetup-bucket-allocator-bucket-count=8"
    "memorysetup-bucket-allocator-block-size=33554432"
    "memorysetup-bucket-allocator-block-count=8"
    "memorysetup-main-allocator-block-size=16777216"
    "memorysetup-thread-allocator-block-size=16777216"
    "memorysetup-gfx-main-allocator-block-size=16777216"
    "memorysetup-gfx-thread-allocator-block-size=16777216"
    "memorysetup-cache-allocator-block-size=4194304"
    "memorysetup-typetree-allocator-block-size=2097152"
    "memorysetup-profiler-bucket-allocator-granularity=16"
    "memorysetup-profiler-bucket-allocator-bucket-count=8"
    "memorysetup-profiler-bucket-allocator-block-size=33554432"
    "memorysetup-profiler-bucket-allocator-block-count=8"
    "memorysetup-profiler-allocator-block-size=16777216"
    "memorysetup-profiler-editor-allocator-block-size=1048576"
    "memorysetup-temp-allocator-size-main=16777216"
    "memorysetup-job-temp-allocator-block-size=2097152"
    "memorysetup-job-temp-allocator-block-size-background=1048576"
    "memorysetup-job-temp-allocator-reduction-small-platforms=262144"
    "memorysetup-allocator-temp-initial-block-size-main=262144"
    "memorysetup-allocator-temp-initial-block-size-worker=262144"
    "memorysetup-temp-allocator-size-background-worker=32768"
    "memorysetup-temp-allocator-size-job-worker=262144"
    "memorysetup-temp-allocator-size-preload-manager=33554432"
    "memorysetup-temp-allocator-size-nav-mesh-worker=65536"
    "memorysetup-temp-allocator-size-audio-worker=65536"
    "memorysetup-temp-allocator-size-cloud-worker=32768"
    "memorysetup-temp-allocator-size-gi-baking-worker=262144"
    "memorysetup-temp-allocator-size-gfx=262144"
Player connection [25520]  Target information:

Player connection [25520]  * "[IP] 192.168.68.62 [Port] 0 [Flags] 2 [Guid] 3924364847 [EditorId] 3924364847 [Version] 1048832 [Id] WindowsEditor(7,NBT) [Debug] 1 [PackageName] WindowsEditor [ProjectName] Editor" 

Player connection [25520] Host joined multi-casting on [225.0.0.222:54997]...
Player connection [25520] Host joined alternative multi-casting on [225.0.0.222:34997]...
[PhysX] Initialized MultithreadedTaskDispatcher with 12 workers.
Refreshing native plugins compatible for Editor in 33.32 ms, found 3 plugins.
Preloading 0 native plugins for Editor in 0.00 ms.
Initialize engine version: 2022.3.49f1 (4dae1bb8668d)
[Subsystems] Discovering subsystems at path C:/Program Files/Unity/Hub/Editor/2022.3.49f1/Editor/Data/Resources/UnitySubsystems
[Subsystems] Discovering subsystems at path C:/Users/namba/Documents/Bubble_Jam/Real Jam/Assets
GfxDevice: creating device client; threaded=0; jobified=0
Direct3D:
    Version:  Direct3D 11.0 [level 11.1]
    Renderer: NVIDIA GeForce RTX 3060 Laptop GPU (ID=0x2520)
    Vendor:   NVIDIA
    VRAM:     5996 MB
    Driver:   32.0.15.6109
Initialize mono
Mono path[0] = 'C:/Program Files/Unity/Hub/Editor/2022.3.49f1/Editor/Data/Managed'
Mono path[1] = 'C:/Program Files/Unity/Hub/Editor/2022.3.49f1/Editor/Data/MonoBleedingEdge/lib/mono/unityjit-win32'
Mono config path = 'C:/Program Files/Unity/Hub/Editor/2022.3.49f1/Editor/Data/MonoBleedingEdge/etc'
Using monoOptions --debugger-agent=transport=dt_socket,embedding=1,server=y,suspend=n,address=127.0.0.1:56448
Begin MonoManager ReloadAssembly
Registering precompiled unity dll's ...
Register platform support module: C:/Program Files/Unity/Hub/Editor/2022.3.49f1/Editor/Data/PlaybackEngines/AndroidPlayer/UnityEditor.Android.Extensions.dll
Register platform support module: C:/Program Files/Unity/Hub/Editor/2022.3.49f1/Editor/Data/PlaybackEngines/iOSSupport/UnityEditor.iOS.Extensions.dll
Register platform support module: C:/Program Files/Unity/Hub/Editor/2022.3.49f1/Editor/Data/PlaybackEngines/WindowsStandaloneSupport/UnityEditor.WindowsStandalone.Extensions.dll
Registered in 0.015771 seconds.
- Loaded All Assemblies, in  0.444 seconds
Native extension for WindowsStandalone target not found
[usbmuxd] Start listen thread
[usbmuxd] Listen thread started
Native extension for iOS target not found
Native extension for Android target not found
Android Extension - Scanning For ADB Devices 628 ms
Mono: successfully reloaded assembly
- Finished resetting the current domain, in  1.053 seconds
Domain Reload Profiling: 1495ms
	BeginReloadAssembly (131ms)
		ExecutionOrderSort (0ms)
		DisableScriptedObjects (0ms)
		BackupInstance (0ms)
		ReleaseScriptingObjects (0ms)
		CreateAndSetChildDomain (1ms)
	RebuildCommonClasses (43ms)
	RebuildNativeTypeToScriptingClass (14ms)
	initialDomainReloadingComplete (77ms)
	LoadAllAssembliesAndSetupDomain (176ms)
		LoadAssemblies (128ms)
		RebuildTransferFunctionScriptingTraits (0ms)
		AnalyzeDomain (173ms)
			TypeCache.Refresh (171ms)
				TypeCache.ScanAssembly (157ms)
			ScanForSourceGeneratedMonoScriptInfo (1ms)
			ResolveRequiredComponents (1ms)
	FinalizeReload (1054ms)
		ReleaseScriptCaches (0ms)
		RebuildScriptCaches (0ms)
		SetupLoadedEditorAssemblies (997ms)
			LogAssemblyErrors (0ms)
			InitializePlatformSupportModulesInManaged (764ms)
			SetLoadedEditorAssemblies (5ms)
			RefreshPlugins (0ms)
			BeforeProcessingInitializeOnLoad (3ms)
			ProcessInitializeOnLoadAttributes (165ms)
			ProcessInitializeOnLoadMethodAttributes (60ms)
			AfterProcessingInitializeOnLoad (0ms)
			EditorAssembliesLoaded (0ms)
		ExecutionOrderSort2 (0ms)
		AwakeInstancesAfterBackupRestoration (0ms)
========================================================================
Worker process is ready to serve import requests
Caller must complete domain reload
Begin MonoManager ReloadAssembly
- Loaded All Assemblies, in  1.480 seconds
Native extension for WindowsStandalone target not found
Native extension for iOS target not found
Native extension for Android target not found
Mono: successfully reloaded assembly
- Finished resetting the current domain, in  1.290 seconds
Domain Reload Profiling: 2764ms
	BeginReloadAssembly (213ms)
		ExecutionOrderSort (0ms)
		DisableScriptedObjects (8ms)
		BackupInstance (0ms)
		ReleaseScriptingObjects (0ms)
		CreateAndSetChildDomain (32ms)
	RebuildCommonClasses (40ms)
	RebuildNativeTypeToScriptingClass (12ms)
	initialDomainReloadingComplete (63ms)
	LoadAllAssembliesAndSetupDomain (1146ms)
		LoadAssemblies (748ms)
		RebuildTransferFunctionScriptingTraits (0ms)
		AnalyzeDomain (517ms)
			TypeCache.Refresh (460ms)
				TypeCache.ScanAssembly (423ms)
			ScanForSourceGeneratedMonoScriptInfo (40ms)
			ResolveRequiredComponents (16ms)
	FinalizeReload (1291ms)
		ReleaseScriptCaches (0ms)
		RebuildScriptCaches (0ms)
		SetupLoadedEditorAssemblies (1053ms)
			LogAssemblyErrors (0ms)
			InitializePlatformSupportModulesInManaged (39ms)
			SetLoadedEditorAssemblies (5ms)
			RefreshPlugins (0ms)
			BeforeProcessingInitializeOnLoad (103ms)
			ProcessInitializeOnLoadAttributes (806ms)
			ProcessInitializeOnLoadMethodAttributes (89ms)
			AfterProcessingInitializeOnLoad (11ms)
			EditorAssembliesLoaded (0ms)
		ExecutionOrderSort2 (0ms)
		AwakeInstancesAfterBackupRestoration (8ms)
Launched and connected shader compiler UnityShaderCompiler.exe after 0.11 seconds
Refreshing native plugins compatible for Editor in 11.94 ms, found 3 plugins.
Preloading 0 native plugins for Editor in 0.00 ms.
Unloading 5002 Unused Serialized files (Serialized files now loaded: 0)
Unloading 44 unused Assets / (0.8 MB). Loaded Objects now: 5455.
Memory consumption went from 211.7 MB to 210.9 MB.
Total: 6.135800 ms (FindLiveObjects: 0.414100 ms CreateObjectMapping: 0.185100 ms MarkObjects: 4.856800 ms  DeleteObjects: 0.678900 ms)

AssetImportParameters requested are different than current active one (requested -> active):
  custom:container-demuxer-ogg: 62fdf1f143b41e24485cea50d1cbac27 -> 
  custom:video-decoder-ogg-theora: a1e56fd34408186e4bbccfd4996cb3dc -> 
  custom:framework-win-MediaFoundation: 216162199b28c13a410421893ffa2e32 -> 
  custom:CustomObjectIndexerAttribute: 72b91833f83ae208fae7752999fa3104 -> 
  custom:container-demuxer-webm: 4f35f7cbe854078d1ac9338744f61a02 -> 
  custom:container-muxer-webm: aa71ff27fc2769a1b78a27578f13a17b -> 
  custom:video-decoder-webm-vp8: 9c59270c3fd7afecdb556c50c9e8de78 -> 
  custom:SearchIndexIgnoredProperties: e643bd26f0fe6173181afceb89e7c659 -> 
  custom:AudioImporter_EditorPlatform: d09bf68614088b80899f8185d706f6e7 -> 
  custom:video-encoder-webm-vp8: eb34c28f22e8b96e1ab97ce403110664 -> 
  custom:audio-decoder-ogg-vorbis: bf7c407c2cedff20999df2af8eb42d56 -> 
  custom:audio-encoder-webm-vorbis: bf7c407c2cedff20999df2af8eb42d56 -> 
========================================================================
Received Import Request.
  Time since last request: 72239.548521 seconds.
  path: Assets/3d/hat/textures/Hat_initialShadingGroup_Height.png
  artifactKey: Guid(3a5fec26277574b4485d8222b8ca6d2a) Importer(815301076,1909f56bfc062723c751e8b465ee728b)
Start importing Assets/3d/hat/textures/Hat_initialShadingGroup_Height.png using Guid(3a5fec26277574b4485d8222b8ca6d2a) Importer(815301076,1909f56bfc062723c751e8b465ee728b) [PhysX] Initialized MultithreadedTaskDispatcher with 12 workers.
[PhysX] Initialized MultithreadedTaskDispatcher with 12 workers.
 -> (artifact id: '515e9e1c21010eff35e8c0063289241b') in 0.086058 seconds
Number of updated asset objects reloaded before import = 0
Number of asset objects unloaded after import = 2
========================================================================
Received Import Request.
  Time since last request: 0.000026 seconds.
  path: Assets/3d/hat/textures/Hat_initialShadingGroup_Roughness.png
  artifactKey: Guid(1826641adaf961e4e8df726f58e3f059) Importer(815301076,1909f56bfc062723c751e8b465ee728b)
Start importing Assets/3d/hat/textures/Hat_initialShadingGroup_Roughness.png using Guid(1826641adaf961e4e8df726f58e3f059) Importer(815301076,1909f56bfc062723c751e8b465ee728b) [PhysX] Initialized MultithreadedTaskDispatcher with 12 workers.
[PhysX] Initialized MultithreadedTaskDispatcher with 12 workers.
 -> (artifact id: '51adcd66d52a892f27342217e812ece0') in 0.026853 seconds
Number of updated asset objects reloaded before import = 0
Number of asset objects unloaded after import = 2
========================================================================
Received Prepare
Caller must complete domain reload
Begin MonoManager ReloadAssembly
- Loaded All Assemblies, in  0.691 seconds
Native extension for WindowsStandalone target not found
Native extension for iOS target not found
Native extension for Android target not found
Mono: successfully reloaded assembly
- Finished resetting the current domain, in  2.092 seconds
Domain Reload Profiling: 2777ms
	BeginReloadAssembly (189ms)
		ExecutionOrderSort (0ms)
		DisableScriptedObjects (6ms)
		BackupInstance (0ms)
		ReleaseScriptingObjects (0ms)
		CreateAndSetChildDomain (52ms)
	RebuildCommonClasses (42ms)
	RebuildNativeTypeToScriptingClass (12ms)
	initialDomainReloadingComplete (44ms)
	LoadAllAssembliesAndSetupDomain (398ms)
		LoadAssemblies (470ms)
		RebuildTransferFunctionScriptingTraits (0ms)
		AnalyzeDomain (23ms)
			TypeCache.Refresh (8ms)
				TypeCache.ScanAssembly (0ms)
			ScanForSourceGeneratedMonoScriptInfo (0ms)
			ResolveRequiredComponents (14ms)
	FinalizeReload (2092ms)
		ReleaseScriptCaches (0ms)
		RebuildScriptCaches (0ms)
		SetupLoadedEditorAssemblies (963ms)
			LogAssemblyErrors (0ms)
			InitializePlatformSupportModulesInManaged (41ms)
			SetLoadedEditorAssemblies (5ms)
			RefreshPlugins (0ms)
			BeforeProcessingInitializeOnLoad (108ms)
			ProcessInitializeOnLoadAttributes (718ms)
			ProcessInitializeOnLoadMethodAttributes (77ms)
			AfterProcessingInitializeOnLoad (14ms)
			EditorAssembliesLoaded (0ms)
		ExecutionOrderSort2 (0ms)
		AwakeInstancesAfterBackupRestoration (25ms)
Refreshing native plugins compatible for Editor in 17.34 ms, found 3 plugins.
Preloading 0 native plugins for Editor in 0.00 ms.
Unloading 4828 Unused Serialized files (Serialized files now loaded: 0)
Unloading 39 unused Assets / (0.8 MB). Loaded Objects now: 5462.
Memory consumption went from 180.8 MB to 180.1 MB.
Total: 6.010600 ms (FindLiveObjects: 0.451200 ms CreateObjectMapping: 0.239900 ms MarkObjects: 4.806400 ms  DeleteObjects: 0.512100 ms)

Prepare: number of updated asset objects reloaded= 0
AssetImportParameters requested are different than current active one (requested -> active):
  custom:container-demuxer-ogg: 62fdf1f143b41e24485cea50d1cbac27 -> 
  custom:video-decoder-ogg-theora: a1e56fd34408186e4bbccfd4996cb3dc -> 
  custom:framework-win-MediaFoundation: 216162199b28c13a410421893ffa2e32 -> 
  custom:CustomObjectIndexerAttribute: 72b91833f83ae208fae7752999fa3104 -> 
  custom:container-demuxer-webm: 4f35f7cbe854078d1ac9338744f61a02 -> 
  custom:container-muxer-webm: aa71ff27fc2769a1b78a27578f13a17b -> 
  custom:video-decoder-webm-vp8: 9c59270c3fd7afecdb556c50c9e8de78 -> 
  custom:SearchIndexIgnoredProperties: e643bd26f0fe6173181afceb89e7c659 -> 
  custom:AudioImporter_EditorPlatform: d09bf68614088b80899f8185d706f6e7 -> 
  custom:video-encoder-webm-vp8: eb34c28f22e8b96e1ab97ce403110664 -> 
  custom:audio-decoder-ogg-vorbis: bf7c407c2cedff20999df2af8eb42d56 -> 
  custom:audio-encoder-webm-vorbis: bf7c407c2cedff20999df2af8eb42d56 -> 
========================================================================
Received Prepare
Caller must complete domain reload
Begin MonoManager ReloadAssembly
- Loaded All Assemblies, in  0.704 seconds
Native extension for WindowsStandalone target not found
Native extension for iOS target not found
Native extension for Android target not found
Mono: successfully reloaded assembly
- Finished resetting the current domain, in  1.968 seconds
Domain Reload Profiling: 2666ms
	BeginReloadAssembly (191ms)
		ExecutionOrderSort (0ms)
		DisableScriptedObjects (7ms)
		BackupInstance (0ms)
		ReleaseScriptingObjects (0ms)
		CreateAndSetChildDomain (42ms)
	RebuildCommonClasses (44ms)
	RebuildNativeTypeToScriptingClass (17ms)
	initialDomainReloadingComplete (43ms)
	LoadAllAssembliesAndSetupDomain (404ms)
		LoadAssemblies (488ms)
		RebuildTransferFunctionScriptingTraits (0ms)
		AnalyzeDomain (19ms)
			TypeCache.Refresh (6ms)
				TypeCache.ScanAssembly (0ms)
			ScanForSourceGeneratedMonoScriptInfo (0ms)
			ResolveRequiredComponents (11ms)
	FinalizeReload (1969ms)
		ReleaseScriptCaches (0ms)
		RebuildScriptCaches (0ms)
		SetupLoadedEditorAssemblies (946ms)
			LogAssemblyErrors (0ms)
			InitializePlatformSupportModulesInManaged (40ms)
			SetLoadedEditorAssemblies (5ms)
			RefreshPlugins (0ms)
			BeforeProcessingInitializeOnLoad (109ms)
			ProcessInitializeOnLoadAttributes (703ms)
			ProcessInitializeOnLoadMethodAttributes (77ms)
			AfterProcessingInitializeOnLoad (12ms)
			EditorAssembliesLoaded (0ms)
		ExecutionOrderSort2 (0ms)
		AwakeInstancesAfterBackupRestoration (24ms)
Refreshing native plugins compatible for Editor in 13.29 ms, found 3 plugins.
Preloading 0 native plugins for Editor in 0.00 ms.
Unloading 4828 Unused Serialized files (Serialized files now loaded: 0)
Unloading 39 unused Assets / (0.8 MB). Loaded Objects now: 5466.
Memory consumption went from 180.8 MB to 180.1 MB.
Total: 6.120800 ms (FindLiveObjects: 0.574800 ms CreateObjectMapping: 0.374000 ms MarkObjects: 4.611300 ms  DeleteObjects: 0.559100 ms)

Prepare: number of updated asset objects reloaded= 0
AssetImportParameters requested are different than current active one (requested -> active):
  custom:container-demuxer-ogg: 62fdf1f143b41e24485cea50d1cbac27 -> 
  custom:video-decoder-ogg-theora: a1e56fd34408186e4bbccfd4996cb3dc -> 
  custom:framework-win-MediaFoundation: 216162199b28c13a410421893ffa2e32 -> 
  custom:CustomObjectIndexerAttribute: 72b91833f83ae208fae7752999fa3104 -> 
  custom:container-demuxer-webm: 4f35f7cbe854078d1ac9338744f61a02 -> 
  custom:container-muxer-webm: aa71ff27fc2769a1b78a27578f13a17b -> 
  custom:video-decoder-webm-vp8: 9c59270c3fd7afecdb556c50c9e8de78 -> 
  custom:SearchIndexIgnoredProperties: e643bd26f0fe6173181afceb89e7c659 -> 
  custom:AudioImporter_EditorPlatform: d09bf68614088b80899f8185d706f6e7 -> 
  custom:video-encoder-webm-vp8: eb34c28f22e8b96e1ab97ce403110664 -> 
  custom:audio-decoder-ogg-vorbis: bf7c407c2cedff20999df2af8eb42d56 -> 
  custom:audio-encoder-webm-vorbis: bf7c407c2cedff20999df2af8eb42d56 -> 
========================================================================
Received Prepare
Caller must complete domain reload
Begin MonoManager ReloadAssembly
- Loaded All Assemblies, in  0.696 seconds
Native extension for WindowsStandalone target not found
Native extension for iOS target not found
Native extension for Android target not found
Mono: successfully reloaded assembly
- Finished resetting the current domain, in  2.200 seconds
Domain Reload Profiling: 2891ms
	BeginReloadAssembly (191ms)
		ExecutionOrderSort (0ms)
		DisableScriptedObjects (6ms)
		BackupInstance (0ms)
		ReleaseScriptingObjects (0ms)
		CreateAndSetChildDomain (46ms)
	RebuildCommonClasses (38ms)
	RebuildNativeTypeToScriptingClass (12ms)
	initialDomainReloadingComplete (46ms)
	LoadAllAssembliesAndSetupDomain (403ms)
		LoadAssemblies (482ms)
		RebuildTransferFunctionScriptingTraits (0ms)
		AnalyzeDomain (22ms)
			TypeCache.Refresh (8ms)
				TypeCache.ScanAssembly (0ms)
			ScanForSourceGeneratedMonoScriptInfo (0ms)
			ResolveRequiredComponents (12ms)
	FinalizeReload (2201ms)
		ReleaseScriptCaches (0ms)
		RebuildScriptCaches (0ms)
		SetupLoadedEditorAssemblies (981ms)
			LogAssemblyErrors (0ms)
			InitializePlatformSupportModulesInManaged (47ms)
			SetLoadedEditorAssemblies (6ms)
			RefreshPlugins (0ms)
			BeforeProcessingInitializeOnLoad (119ms)
			ProcessInitializeOnLoadAttributes (711ms)
			ProcessInitializeOnLoadMethodAttributes (84ms)
			AfterProcessingInitializeOnLoad (14ms)
			EditorAssembliesLoaded (0ms)
		ExecutionOrderSort2 (0ms)
		AwakeInstancesAfterBackupRestoration (23ms)
Refreshing native plugins compatible for Editor in 16.02 ms, found 3 plugins.
Preloading 0 native plugins for Editor in 0.00 ms.
Unloading 4828 Unused Serialized files (Serialized files now loaded: 0)
Unloading 39 unused Assets / (0.8 MB). Loaded Objects now: 5470.
Memory consumption went from 180.9 MB to 180.1 MB.
Total: 8.131500 ms (FindLiveObjects: 0.960600 ms CreateObjectMapping: 0.526000 ms MarkObjects: 6.136600 ms  DeleteObjects: 0.506900 ms)

Prepare: number of updated asset objects reloaded= 0
AssetImportParameters requested are different than current active one (requested -> active):
  custom:container-demuxer-ogg: 62fdf1f143b41e24485cea50d1cbac27 -> 
  custom:video-decoder-ogg-theora: a1e56fd34408186e4bbccfd4996cb3dc -> 
  custom:framework-win-MediaFoundation: 216162199b28c13a410421893ffa2e32 -> 
  custom:CustomObjectIndexerAttribute: 72b91833f83ae208fae7752999fa3104 -> 
  custom:container-demuxer-webm: 4f35f7cbe854078d1ac9338744f61a02 -> 
  custom:container-muxer-webm: aa71ff27fc2769a1b78a27578f13a17b -> 
  custom:video-decoder-webm-vp8: 9c59270c3fd7afecdb556c50c9e8de78 -> 
  custom:SearchIndexIgnoredProperties: e643bd26f0fe6173181afceb89e7c659 -> 
  custom:AudioImporter_EditorPlatform: d09bf68614088b80899f8185d706f6e7 -> 
  custom:video-encoder-webm-vp8: eb34c28f22e8b96e1ab97ce403110664 -> 
  custom:audio-decoder-ogg-vorbis: bf7c407c2cedff20999df2af8eb42d56 -> 
  custom:audio-encoder-webm-vorbis: bf7c407c2cedff20999df2af8eb42d56 -> 
========================================================================
Received Prepare
Caller must complete domain reload
Begin MonoManager ReloadAssembly
- Loaded All Assemblies, in  0.683 seconds
Native extension for WindowsStandalone target not found
Native extension for iOS target not found
Native extension for Android target not found
Mono: successfully reloaded assembly
- Finished resetting the current domain, in  2.001 seconds
Domain Reload Profiling: 2679ms
	BeginReloadAssembly (179ms)
		ExecutionOrderSort (0ms)
		DisableScriptedObjects (6ms)
		BackupInstance (0ms)
		ReleaseScriptingObjects (0ms)
		CreateAndSetChildDomain (39ms)
	RebuildCommonClasses (38ms)
	RebuildNativeTypeToScriptingClass (12ms)
	initialDomainReloadingComplete (44ms)
	LoadAllAssembliesAndSetupDomain (404ms)
		LoadAssemblies (482ms)
		RebuildTransferFunctionScriptingTraits (0ms)
		AnalyzeDomain (22ms)
			TypeCache.Refresh (7ms)
				TypeCache.ScanAssembly (0ms)
			ScanForSourceGeneratedMonoScriptInfo (0ms)
			ResolveRequiredComponents (13ms)
	FinalizeReload (2001ms)
		ReleaseScriptCaches (0ms)
		RebuildScriptCaches (0ms)
		SetupLoadedEditorAssemblies (933ms)
			LogAssemblyErrors (0ms)
			InitializePlatformSupportModulesInManaged (44ms)
			SetLoadedEditorAssemblies (4ms)
			RefreshPlugins (0ms)
			BeforeProcessingInitializeOnLoad (114ms)
			ProcessInitializeOnLoadAttributes (679ms)
			ProcessInitializeOnLoadMethodAttributes (78ms)
			AfterProcessingInitializeOnLoad (13ms)
			EditorAssembliesLoaded (0ms)
		ExecutionOrderSort2 (0ms)
		AwakeInstancesAfterBackupRestoration (26ms)
Refreshing native plugins compatible for Editor in 14.44 ms, found 3 plugins.
Preloading 0 native plugins for Editor in 0.00 ms.
Unloading 4828 Unused Serialized files (Serialized files now loaded: 0)
Unloading 39 unused Assets / (0.8 MB). Loaded Objects now: 5474.
Memory consumption went from 180.9 MB to 180.1 MB.
Total: 9.699600 ms (FindLiveObjects: 0.898800 ms CreateObjectMapping: 0.488300 ms MarkObjects: 7.110600 ms  DeleteObjects: 1.200200 ms)

Prepare: number of updated asset objects reloaded= 0
AssetImportParameters requested are different than current active one (requested -> active):
  custom:container-demuxer-ogg: 62fdf1f143b41e24485cea50d1cbac27 -> 
  custom:video-decoder-ogg-theora: a1e56fd34408186e4bbccfd4996cb3dc -> 
  custom:framework-win-MediaFoundation: 216162199b28c13a410421893ffa2e32 -> 
  custom:CustomObjectIndexerAttribute: 72b91833f83ae208fae7752999fa3104 -> 
  custom:container-demuxer-webm: 4f35f7cbe854078d1ac9338744f61a02 -> 
  custom:container-muxer-webm: aa71ff27fc2769a1b78a27578f13a17b -> 
  custom:video-decoder-webm-vp8: 9c59270c3fd7afecdb556c50c9e8de78 -> 
  custom:SearchIndexIgnoredProperties: e643bd26f0fe6173181afceb89e7c659 -> 
  custom:AudioImporter_EditorPlatform: d09bf68614088b80899f8185d706f6e7 -> 
  custom:video-encoder-webm-vp8: eb34c28f22e8b96e1ab97ce403110664 -> 
  custom:audio-decoder-ogg-vorbis: bf7c407c2cedff20999df2af8eb42d56 -> 
  custom:audio-encoder-webm-vorbis: bf7c407c2cedff20999df2af8eb42d56 -> 
========================================================================
Received Import Request.
  Time since last request: 2663.108376 seconds.
  path: Assets/VFX_Klaus/Prefabs/Hyper Casual FX/HCFX_Feathers.prefab
  artifactKey: Guid(da28829cce8256a4d82e1b8e4c5d8c3c) Importer(815301076,1909f56bfc062723c751e8b465ee728b)
Start importing Assets/VFX_Klaus/Prefabs/Hyper Casual FX/HCFX_Feathers.prefab using Guid(da28829cce8256a4d82e1b8e4c5d8c3c) Importer(815301076,1909f56bfc062723c751e8b465ee728b) [PhysX] Initialized MultithreadedTaskDispatcher with 12 workers.
[PhysX] Initialized MultithreadedTaskDispatcher with 12 workers.
 -> (artifact id: '6bb37fc85d9bd8e48a4d6699408c98e1') in 0.536441 seconds
Number of updated asset objects reloaded before import = 0
Number of asset objects unloaded after import = 38
========================================================================
Received Import Request.
  Time since last request: 0.000034 seconds.
  path: Assets/VFX_Klaus/Prefabs/Hyper Casual FX/HCFX_Fire_01.prefab
  artifactKey: Guid(19e5b513668805f43a5d9ab53d1b6013) Importer(815301076,1909f56bfc062723c751e8b465ee728b)
Start importing Assets/VFX_Klaus/Prefabs/Hyper Casual FX/HCFX_Fire_01.prefab using Guid(19e5b513668805f43a5d9ab53d1b6013) Importer(815301076,1909f56bfc062723c751e8b465ee728b) [PhysX] Initialized MultithreadedTaskDispatcher with 12 workers.
[PhysX] Initialized MultithreadedTaskDispatcher with 12 workers.
 -> (artifact id: 'd2e4f90848311c18dbec9b46f173be58') in 0.043592 seconds
Number of updated asset objects reloaded before import = 0
Number of asset objects unloaded after import = 25
========================================================================
Received Import Request.
  Time since last request: 0.000047 seconds.
  path: Assets/VFX_Klaus/Prefabs/Hyper Casual FX/HCFX_Heart_Air.prefab
  artifactKey: Guid(e0c3d454500642f4cabd25d88d1de140) Importer(815301076,1909f56bfc062723c751e8b465ee728b)
Start importing Assets/VFX_Klaus/Prefabs/Hyper Casual FX/HCFX_Heart_Air.prefab using Guid(e0c3d454500642f4cabd25d88d1de140) Importer(815301076,1909f56bfc062723c751e8b465ee728b) [PhysX] Initialized MultithreadedTaskDispatcher with 12 workers.
[PhysX] Initialized MultithreadedTaskDispatcher with 12 workers.
 -> (artifact id: 'ce8daa0d1dd354ee9ec18670d187c0e1') in 0.048108 seconds
Number of updated asset objects reloaded before import = 0
Number of asset objects unloaded after import = 53
========================================================================
Received Import Request.
  Time since last request: 0.000034 seconds.
  path: Assets/VFX_Klaus/Prefabs/Hyper Casual FX/HCFX_Hit_01.prefab
  artifactKey: Guid(f970de182f6e61a4cbfe879f6b82b89d) Importer(815301076,1909f56bfc062723c751e8b465ee728b)
Start importing Assets/VFX_Klaus/Prefabs/Hyper Casual FX/HCFX_Hit_01.prefab using Guid(f970de182f6e61a4cbfe879f6b82b89d) Importer(815301076,1909f56bfc062723c751e8b465ee728b) [PhysX] Initialized MultithreadedTaskDispatcher with 12 workers.
[PhysX] Initialized MultithreadedTaskDispatcher with 12 workers.
 -> (artifact id: 'f2465bde2098d17c7979fcd1889c2fb8') in 0.036483 seconds
Number of updated asset objects reloaded before import = 0
Number of asset objects unloaded after import = 25
========================================================================
Received Import Request.
  Time since last request: 0.000027 seconds.
  path: Assets/VFX_Klaus/Prefabs/Hyper Casual FX/HCFX_Hit_02.prefab
  artifactKey: Guid(997b515cf158b5b429888d331178f939) Importer(815301076,1909f56bfc062723c751e8b465ee728b)
Start importing Assets/VFX_Klaus/Prefabs/Hyper Casual FX/HCFX_Hit_02.prefab using Guid(997b515cf158b5b429888d331178f939) Importer(815301076,1909f56bfc062723c751e8b465ee728b) [PhysX] Initialized MultithreadedTaskDispatcher with 12 workers.
[PhysX] Initialized MultithreadedTaskDispatcher with 12 workers.
 -> (artifact id: '406a805ace1b641766bd66b479834cdd') in 0.036933 seconds
Number of updated asset objects reloaded before import = 0
Number of asset objects unloaded after import = 45
========================================================================
Received Import Request.
  Time since last request: 0.000034 seconds.
  path: Assets/VFX_Klaus/Prefabs/Hyper Casual FX/HCFX_Hit_07.prefab
  artifactKey: Guid(2a86ceee278190842bf04b086ec332ba) Importer(815301076,1909f56bfc062723c751e8b465ee728b)
Start importing Assets/VFX_Klaus/Prefabs/Hyper Casual FX/HCFX_Hit_07.prefab using Guid(2a86ceee278190842bf04b086ec332ba) Importer(815301076,1909f56bfc062723c751e8b465ee728b) [PhysX] Initialized MultithreadedTaskDispatcher with 12 workers.
[PhysX] Initialized MultithreadedTaskDispatcher with 12 workers.
 -> (artifact id: '9ba4b5500779817b95610b1d949e954e') in 0.034411 seconds
Number of updated asset objects reloaded before import = 0
Number of asset objects unloaded after import = 21
========================================================================
Received Import Request.
  Time since last request: 0.000027 seconds.
  path: Assets/VFX_Klaus/Prefabs/Hyper Casual FX/HCFX_Hit_11.prefab
  artifactKey: Guid(594dbf2e6d47af1448c23c5bc4b3df45) Importer(815301076,1909f56bfc062723c751e8b465ee728b)
Start importing Assets/VFX_Klaus/Prefabs/Hyper Casual FX/HCFX_Hit_11.prefab using Guid(594dbf2e6d47af1448c23c5bc4b3df45) Importer(815301076,1909f56bfc062723c751e8b465ee728b) [PhysX] Initialized MultithreadedTaskDispatcher with 12 workers.
[PhysX] Initialized MultithreadedTaskDispatcher with 12 workers.
 -> (artifact id: '6c4b0d65f9586fce9f68601ff73171ea') in 0.038649 seconds
Number of updated asset objects reloaded before import = 0
Number of asset objects unloaded after import = 21
========================================================================
Received Import Request.
  Time since last request: 0.000043 seconds.
  path: Assets/VFX_Klaus/Prefabs/Hyper Casual FX/HCFX_Leaves_Air.prefab
  artifactKey: Guid(bf73cddd11acf5e42a0615c6e8f9c204) Importer(815301076,1909f56bfc062723c751e8b465ee728b)
Start importing Assets/VFX_Klaus/Prefabs/Hyper Casual FX/HCFX_Leaves_Air.prefab using Guid(bf73cddd11acf5e42a0615c6e8f9c204) Importer(815301076,1909f56bfc062723c751e8b465ee728b) [PhysX] Initialized MultithreadedTaskDispatcher with 12 workers.
[PhysX] Initialized MultithreadedTaskDispatcher with 12 workers.
 -> (artifact id: '2384228115679da3c82d41e4c773a191') in 0.037381 seconds
Number of updated asset objects reloaded before import = 0
Number of asset objects unloaded after import = 26
========================================================================
Received Import Request.
  Time since last request: 0.000025 seconds.
  path: Assets/VFX_Klaus/Prefabs/Hyper Casual FX/HCFX_Flash_01.prefab
  artifactKey: Guid(ed0da22508f7f5c449639019342ed67e) Importer(815301076,1909f56bfc062723c751e8b465ee728b)
Start importing Assets/VFX_Klaus/Prefabs/Hyper Casual FX/HCFX_Flash_01.prefab using Guid(ed0da22508f7f5c449639019342ed67e) Importer(815301076,1909f56bfc062723c751e8b465ee728b) [PhysX] Initialized MultithreadedTaskDispatcher with 12 workers.
[PhysX] Initialized MultithreadedTaskDispatcher with 12 workers.
 -> (artifact id: '2bc8646318255575bcd51dd5711adbf4') in 0.040574 seconds
Number of updated asset objects reloaded before import = 0
Number of asset objects unloaded after import = 16
========================================================================
Received Import Request.
  Time since last request: 0.000035 seconds.
  path: Assets/VFX_Klaus/Prefabs/Hyper Casual FX/HCFX_Heart.prefab
  artifactKey: Guid(b9d103381cf638645812aee1010364e6) Importer(815301076,1909f56bfc062723c751e8b465ee728b)
Start importing Assets/VFX_Klaus/Prefabs/Hyper Casual FX/HCFX_Heart.prefab using Guid(b9d103381cf638645812aee1010364e6) Importer(815301076,1909f56bfc062723c751e8b465ee728b) [PhysX] Initialized MultithreadedTaskDispatcher with 12 workers.
[PhysX] Initialized MultithreadedTaskDispatcher with 12 workers.
 -> (artifact id: '73f34d48035eaa426873e81bf8160f51') in 0.041984 seconds
Number of updated asset objects reloaded before import = 0
Number of asset objects unloaded after import = 30
========================================================================
Received Import Request.
  Time since last request: 0.000033 seconds.
  path: Assets/VFX_Klaus/Prefabs/Hyper Casual FX/HCFX_Hit_10.prefab
  artifactKey: Guid(558c548145e53114192a7c756d0afd0c) Importer(815301076,1909f56bfc062723c751e8b465ee728b)
Start importing Assets/VFX_Klaus/Prefabs/Hyper Casual FX/HCFX_Hit_10.prefab using Guid(558c548145e53114192a7c756d0afd0c) Importer(815301076,1909f56bfc062723c751e8b465ee728b) [PhysX] Initialized MultithreadedTaskDispatcher with 12 workers.
[PhysX] Initialized MultithreadedTaskDispatcher with 12 workers.
 -> (artifact id: 'a665366946d88adbec865ee730c98954') in 0.038699 seconds
Number of updated asset objects reloaded before import = 0
Number of asset objects unloaded after import = 16
========================================================================
Received Import Request.
  Time since last request: 0.000029 seconds.
  path: Assets/VFX_Klaus/Prefabs/Hyper Casual FX/HCFX_Hit_09.prefab
  artifactKey: Guid(d5154ec4507152843b0af4bb32531e61) Importer(815301076,1909f56bfc062723c751e8b465ee728b)
Start importing Assets/VFX_Klaus/Prefabs/Hyper Casual FX/HCFX_Hit_09.prefab using Guid(d5154ec4507152843b0af4bb32531e61) Importer(815301076,1909f56bfc062723c751e8b465ee728b) [PhysX] Initialized MultithreadedTaskDispatcher with 12 workers.
[PhysX] Initialized MultithreadedTaskDispatcher with 12 workers.
 -> (artifact id: '22cd5f4b8b91d742fad801cc2937fe78') in 0.038375 seconds
Number of updated asset objects reloaded before import = 0
Number of asset objects unloaded after import = 30
========================================================================
Received Import Request.
  Time since last request: 4.361976 seconds.
  path: Assets/VFX_Klaus/Prefabs/Hyper Casual FX/HCFX_MagicCircle_02.prefab
  artifactKey: Guid(3f1557e38f9a7674ba50d5f57677ae65) Importer(815301076,1909f56bfc062723c751e8b465ee728b)
Start importing Assets/VFX_Klaus/Prefabs/Hyper Casual FX/HCFX_MagicCircle_02.prefab using Guid(3f1557e38f9a7674ba50d5f57677ae65) Importer(815301076,1909f56bfc062723c751e8b465ee728b) [PhysX] Initialized MultithreadedTaskDispatcher with 12 workers.
[PhysX] Initialized MultithreadedTaskDispatcher with 12 workers.
 -> (artifact id: 'a000dac4683aa222f57886d338dc62ba') in 0.044665 seconds
Number of updated asset objects reloaded before import = 0
Number of asset objects unloaded after import = 50
========================================================================
Received Import Request.
  Time since last request: 0.000031 seconds.
  path: Assets/VFX_Klaus/Prefabs/Hyper Casual FX/HCFX_Marble_01.prefab
  artifactKey: Guid(7d5e53535bf77c340bca21a018e742a1) Importer(815301076,1909f56bfc062723c751e8b465ee728b)
Start importing Assets/VFX_Klaus/Prefabs/Hyper Casual FX/HCFX_Marble_01.prefab using Guid(7d5e53535bf77c340bca21a018e742a1) Importer(815301076,1909f56bfc062723c751e8b465ee728b) [PhysX] Initialized MultithreadedTaskDispatcher with 12 workers.
[PhysX] Initialized MultithreadedTaskDispatcher with 12 workers.
 -> (artifact id: '1601b6d354d164f7700a611fb9472459') in 0.042334 seconds
Number of updated asset objects reloaded before import = 0
Number of asset objects unloaded after import = 20
========================================================================
Received Import Request.
  Time since last request: 0.000044 seconds.
  path: Assets/VFX_Klaus/Prefabs/Hyper Casual FX/HCFX_Marble_04_Get.prefab
  artifactKey: Guid(8bbbc6a96ac32524985ae4c05872612c) Importer(815301076,1909f56bfc062723c751e8b465ee728b)
Start importing Assets/VFX_Klaus/Prefabs/Hyper Casual FX/HCFX_Marble_04_Get.prefab using Guid(8bbbc6a96ac32524985ae4c05872612c) Importer(815301076,1909f56bfc062723c751e8b465ee728b) [PhysX] Initialized MultithreadedTaskDispatcher with 12 workers.
[PhysX] Initialized MultithreadedTaskDispatcher with 12 workers.
 -> (artifact id: 'd46cfbb067fefc682b687cba9af0f2ff') in 0.060881 seconds
Number of updated asset objects reloaded before import = 0
Number of asset objects unloaded after import = 52
========================================================================
Received Import Request.
  Time since last request: 0.000044 seconds.
  path: Assets/VFX_Klaus/Prefabs/Hyper Casual FX/HCFX_Marble_01_Get.prefab
  artifactKey: Guid(f029d132da06dc24389ba65169f97e52) Importer(815301076,1909f56bfc062723c751e8b465ee728b)
Start importing Assets/VFX_Klaus/Prefabs/Hyper Casual FX/HCFX_Marble_01_Get.prefab using Guid(f029d132da06dc24389ba65169f97e52) Importer(815301076,1909f56bfc062723c751e8b465ee728b) [PhysX] Initialized MultithreadedTaskDispatcher with 12 workers.
[PhysX] Initialized MultithreadedTaskDispatcher with 12 workers.
 -> (artifact id: 'd73d469c3c90eea07ce8ae18e168dffd') in 0.069065 seconds
Number of updated asset objects reloaded before import = 0
Number of asset objects unloaded after import = 29
========================================================================
Received Import Request.
  Time since last request: 0.000055 seconds.
  path: Assets/VFX_Klaus/Prefabs/Hyper Casual FX/HCFX_Marble_02_Get.prefab
  artifactKey: Guid(da5d243c928ffd841bb35775d618502e) Importer(815301076,1909f56bfc062723c751e8b465ee728b)
Start importing Assets/VFX_Klaus/Prefabs/Hyper Casual FX/HCFX_Marble_02_Get.prefab using Guid(da5d243c928ffd841bb35775d618502e) Importer(815301076,1909f56bfc062723c751e8b465ee728b) [PhysX] Initialized MultithreadedTaskDispatcher with 12 workers.
[PhysX] Initialized MultithreadedTaskDispatcher with 12 workers.
 -> (artifact id: '7e53ab6d058742413fd7560eecf2214f') in 0.062206 seconds
Number of updated asset objects reloaded before import = 0
Number of asset objects unloaded after import = 52
========================================================================
Received Import Request.
  Time since last request: 0.000034 seconds.
  path: Assets/VFX_Klaus/Prefabs/Hyper Casual FX/HCFX_Marble_03.prefab
  artifactKey: Guid(1aec9a7aca0a6404c9660f038baebca6) Importer(815301076,1909f56bfc062723c751e8b465ee728b)
Start importing Assets/VFX_Klaus/Prefabs/Hyper Casual FX/HCFX_Marble_03.prefab using Guid(1aec9a7aca0a6404c9660f038baebca6) Importer(815301076,1909f56bfc062723c751e8b465ee728b) [PhysX] Initialized MultithreadedTaskDispatcher with 12 workers.
[PhysX] Initialized MultithreadedTaskDispatcher with 12 workers.
 -> (artifact id: '046f5903bda78746937dbcb3342e614b') in 0.065208 seconds
Number of updated asset objects reloaded before import = 0
Number of asset objects unloaded after import = 35
========================================================================
Received Import Request.
  Time since last request: 1.816760 seconds.
  path: Assets/VFX_Klaus/Prefabs/Hyper Casual FX/HCFX_Portal_01.prefab
  artifactKey: Guid(6e2d5c22d6c4c9d4a8ff0ed264bec010) Importer(815301076,1909f56bfc062723c751e8b465ee728b)
Start importing Assets/VFX_Klaus/Prefabs/Hyper Casual FX/HCFX_Portal_01.prefab using Guid(6e2d5c22d6c4c9d4a8ff0ed264bec010) Importer(815301076,1909f56bfc062723c751e8b465ee728b) [PhysX] Initialized MultithreadedTaskDispatcher with 12 workers.
[PhysX] Initialized MultithreadedTaskDispatcher with 12 workers.
 -> (artifact id: '83ad5f0d7ce9f633e787ebfd3b5c3ba6') in 0.035863 seconds
Number of updated asset objects reloaded before import = 0
Number of asset objects unloaded after import = 30
========================================================================
Received Import Request.
  Time since last request: 0.000032 seconds.
  path: Assets/VFX_Klaus/Prefabs/Hyper Casual FX/HCFX_Shine_01.prefab
  artifactKey: Guid(da6a811c29e698e4d854e1477664e8e6) Importer(815301076,1909f56bfc062723c751e8b465ee728b)
Start importing Assets/VFX_Klaus/Prefabs/Hyper Casual FX/HCFX_Shine_01.prefab using Guid(da6a811c29e698e4d854e1477664e8e6) Importer(815301076,1909f56bfc062723c751e8b465ee728b) [PhysX] Initialized MultithreadedTaskDispatcher with 12 workers.
[PhysX] Initialized MultithreadedTaskDispatcher with 12 workers.
 -> (artifact id: '74bcd985acef7f399ab4baec890cb60b') in 0.044843 seconds
Number of updated asset objects reloaded before import = 0
Number of asset objects unloaded after import = 21
========================================================================
Received Import Request.
  Time since last request: 0.000027 seconds.
  path: Assets/VFX_Klaus/Prefabs/Hyper Casual FX/HCFX_Shine_04.prefab
  artifactKey: Guid(ad18864f7bd213f48963b60165fae96a) Importer(815301076,1909f56bfc062723c751e8b465ee728b)
Start importing Assets/VFX_Klaus/Prefabs/Hyper Casual FX/HCFX_Shine_04.prefab using Guid(ad18864f7bd213f48963b60165fae96a) Importer(815301076,1909f56bfc062723c751e8b465ee728b) [PhysX] Initialized MultithreadedTaskDispatcher with 12 workers.
[PhysX] Initialized MultithreadedTaskDispatcher with 12 workers.
 -> (artifact id: '27382602ba1ab3b1cf8a4e735cdd1737') in 0.055478 seconds
Number of updated asset objects reloaded before import = 0
Number of asset objects unloaded after import = 36
========================================================================
Received Import Request.
  Time since last request: 0.000041 seconds.
  path: Assets/VFX_Klaus/Prefabs/Hyper Casual FX/HCFX_Shine_05.prefab
  artifactKey: Guid(53909c65e9869754c991c68c174a8c05) Importer(815301076,1909f56bfc062723c751e8b465ee728b)
Start importing Assets/VFX_Klaus/Prefabs/Hyper Casual FX/HCFX_Shine_05.prefab using Guid(53909c65e9869754c991c68c174a8c05) Importer(815301076,1909f56bfc062723c751e8b465ee728b) [PhysX] Initialized MultithreadedTaskDispatcher with 12 workers.
[PhysX] Initialized MultithreadedTaskDispatcher with 12 workers.
 -> (artifact id: '5a5771e250891e921c1f7ba0256e4d97') in 0.057476 seconds
Number of updated asset objects reloaded before import = 0
Number of asset objects unloaded after import = 36
========================================================================
Received Import Request.
  Time since last request: 0.000032 seconds.
  path: Assets/VFX_Klaus/Prefabs/Hyper Casual FX/HCFX_Portal_02.prefab
  artifactKey: Guid(3ddecb89cc2411c4ca990b80fcadd59c) Importer(815301076,1909f56bfc062723c751e8b465ee728b)
Start importing Assets/VFX_Klaus/Prefabs/Hyper Casual FX/HCFX_Portal_02.prefab using Guid(3ddecb89cc2411c4ca990b80fcadd59c) Importer(815301076,1909f56bfc062723c751e8b465ee728b) [PhysX] Initialized MultithreadedTaskDispatcher with 12 workers.
[PhysX] Initialized MultithreadedTaskDispatcher with 12 workers.
 -> (artifact id: '093b84498a42088e56eb0482be76a805') in 0.074363 seconds
Number of updated asset objects reloaded before import = 0
Number of asset objects unloaded after import = 30
========================================================================
Received Import Request.
  Time since last request: 0.000027 seconds.
  path: Assets/VFX_Klaus/Prefabs/Hyper Casual FX/HCFX_Shine_07.prefab
  artifactKey: Guid(8c360e33574a5184283cd31fcdce6c23) Importer(815301076,1909f56bfc062723c751e8b465ee728b)
Start importing Assets/VFX_Klaus/Prefabs/Hyper Casual FX/HCFX_Shine_07.prefab using Guid(8c360e33574a5184283cd31fcdce6c23) Importer(815301076,1909f56bfc062723c751e8b465ee728b) [PhysX] Initialized MultithreadedTaskDispatcher with 12 workers.
[PhysX] Initialized MultithreadedTaskDispatcher with 12 workers.
 -> (artifact id: '6dbca89e9bc5e04b925afc33ea2ff1d5') in 0.056068 seconds
Number of updated asset objects reloaded before import = 0
Number of asset objects unloaded after import = 30
========================================================================
Received Import Request.
  Time since last request: 0.000035 seconds.
  path: Assets/VFX_Klaus/Prefabs/Hyper Casual FX/HCFX_Splash_03.prefab
  artifactKey: Guid(3c9951b207abb084eb6b17167bb29644) Importer(815301076,1909f56bfc062723c751e8b465ee728b)
Start importing Assets/VFX_Klaus/Prefabs/Hyper Casual FX/HCFX_Splash_03.prefab using Guid(3c9951b207abb084eb6b17167bb29644) Importer(815301076,1909f56bfc062723c751e8b465ee728b) [PhysX] Initialized MultithreadedTaskDispatcher with 12 workers.
[PhysX] Initialized MultithreadedTaskDispatcher with 12 workers.
 -> (artifact id: '31052b7314c608f2a9ef1951dd017181') in 0.056461 seconds
Number of updated asset objects reloaded before import = 0
Number of asset objects unloaded after import = 36
========================================================================
Received Import Request.
  Time since last request: 27.893242 seconds.
  path: Assets/Quibli/Demos/Plants/Models/Generated Plants/ExamplePlant_2-MeshCarrier_05_MBall-Take1.asset
  artifactKey: Guid(737f8aaf60f7c4a688a6ba4e7e254611) Importer(815301076,1909f56bfc062723c751e8b465ee728b)
Start importing Assets/Quibli/Demos/Plants/Models/Generated Plants/ExamplePlant_2-MeshCarrier_05_MBall-Take1.asset using Guid(737f8aaf60f7c4a688a6ba4e7e254611) Importer(815301076,1909f56bfc062723c751e8b465ee728b) [PhysX] Initialized MultithreadedTaskDispatcher with 12 workers.
[PhysX] Initialized MultithreadedTaskDispatcher with 12 workers.
 -> (artifact id: '77ed1c678619eeecc37c35ef29f50204') in 0.035664 seconds
Number of updated asset objects reloaded before import = 0
Number of asset objects unloaded after import = 2
========================================================================
Received Import Request.
  Time since last request: 0.000030 seconds.
  path: Assets/Quibli/Demos/Plants/Models/Generated Plants/ExamplePlant_4-MeshCarrier_06_MballSquare-Take1.asset
  artifactKey: Guid(fdc15662c8efa4afb9fd75e86f3cbc72) Importer(815301076,1909f56bfc062723c751e8b465ee728b)
Start importing Assets/Quibli/Demos/Plants/Models/Generated Plants/ExamplePlant_4-MeshCarrier_06_MballSquare-Take1.asset using Guid(fdc15662c8efa4afb9fd75e86f3cbc72) Importer(815301076,1909f56bfc062723c751e8b465ee728b) [PhysX] Initialized MultithreadedTaskDispatcher with 12 workers.
[PhysX] Initialized MultithreadedTaskDispatcher with 12 workers.
 -> (artifact id: 'cca694c8d0f5250ad3bd68f39b375dc9') in 0.020331 seconds
Number of updated asset objects reloaded before import = 0
Number of asset objects unloaded after import = 2
========================================================================
Received Import Request.
  Time since last request: 0.016738 seconds.
  path: Assets/Quibli/Demos/Plants/Models/Generated Plants/ExamplePlant_6-Sphere-Take1.asset
  artifactKey: Guid(679f3c6236c7049c3a59fd2d7b0779e4) Importer(815301076,1909f56bfc062723c751e8b465ee728b)
Start importing Assets/Quibli/Demos/Plants/Models/Generated Plants/ExamplePlant_6-Sphere-Take1.asset using Guid(679f3c6236c7049c3a59fd2d7b0779e4) Importer(815301076,1909f56bfc062723c751e8b465ee728b) [PhysX] Initialized MultithreadedTaskDispatcher with 12 workers.
[PhysX] Initialized MultithreadedTaskDispatcher with 12 workers.
 -> (artifact id: 'b49fe197c155c370bd0ca8c7f4208521') in 0.016978 seconds
Number of updated asset objects reloaded before import = 0
Number of asset objects unloaded after import = 2
========================================================================
Received Import Request.
  Time since last request: 0.015280 seconds.
  path: Assets/Quibli/Demos/Plants/Models/Generated Plants/ExamplePlant_8-MeshCarrier_08_Drops_1-Take1.asset
  artifactKey: Guid(59a0f5a8339d14e29960209d35b85a99) Importer(815301076,1909f56bfc062723c751e8b465ee728b)
Start importing Assets/Quibli/Demos/Plants/Models/Generated Plants/ExamplePlant_8-MeshCarrier_08_Drops_1-Take1.asset using Guid(59a0f5a8339d14e29960209d35b85a99) Importer(815301076,1909f56bfc062723c751e8b465ee728b) [PhysX] Initialized MultithreadedTaskDispatcher with 12 workers.
[PhysX] Initialized MultithreadedTaskDispatcher with 12 workers.
 -> (artifact id: 'beea07547a98239a43c1d7044b40a2e4') in 0.016364 seconds
Number of updated asset objects reloaded before import = 0
Number of asset objects unloaded after import = 2
Editor requested this worker to shutdown with reason: Scaling down because of idle timeout
TcpMessagingSession - receive error: operation aborted. errorcode: 995, details: The I/O operation has been aborted because of either a thread exit or an application request.
AssetImportWorker is now disconnected from the server
Process exiting
Exiting without the bug reporter. Application will terminate with return code 0